0 info it worked if it ends with ok
1 verbose cli [ 'D:\\Program Files\\nodejs\\node.exe',
1 verbose cli   'D:\\Program Files\\nodejs\\node_modules\\npm\\bin\\npm-cli.js',
1 verbose cli   'run',
1 verbose cli   'dev' ]
2 info using npm@3.10.10
3 info using node@v6.11.1
4 verbose run-script [ 'predev', 'dev', 'postdev' ]
5 info lifecycle mymint@1.0.0~predev: mymint@1.0.0
6 silly lifecycle mymint@1.0.0~predev: no script for predev, continuing
7 info lifecycle mymint@1.0.0~dev: mymint@1.0.0
8 verbose lifecycle mymint@1.0.0~dev: unsafe-perm in lifecycle true
9 verbose lifecycle mymint@1.0.0~dev: PATH: D:\Program Files\nodejs\node_modules\npm\bin\node-gyp-bin;F:\vue移动端\New最新New\8.19\Vue-myMint\node_modules\.bin;C:\ProgramData\Oracle\Java\javapath;C:\Windows\system32;C:\Windows;C:\Windows\System32\Wbem;C:\Windows\System32\WindowsPowerShell\v1.0\;C:\Program Files (x86)\Microsoft SQL Server\100\Tools\Binn\;C:\Program Files\Microsoft SQL Server\100\Tools\Binn\;C:\Program Files\Microsoft SQL Server\100\DTS\Binn\;C:\Program Files (x86)\Microsoft SQL Server\100\Tools\Binn\VSShell\Common7\IDE\;C:\Program Files (x86)\Microsoft SQL Server\100\DTS\Binn\;C:\Program Files (x86)\Microsoft Visual Studio 9.0\Common7\IDE\PrivateAssemblies\\bin;C:\Windows\system32;C:\Windows;C:\Windows\system32\wbem;D:\ProgramFiles\Android\sdk\platform-tools;C:\Program Files\TortoiseSVN\bin;D:\Program Files (x86)\git\cmd;D:\Program Files\nodejs\;C:\Users\ding\AppData\Roaming\npm
10 verbose lifecycle mymint@1.0.0~dev: CWD: F:\vue移动端\New最新New\8.19\Vue-myMint
11 silly lifecycle mymint@1.0.0~dev: Args: [ '/d /s /c', 'node build/dev-server.js' ]
12 silly lifecycle mymint@1.0.0~dev: Returned: code: 3221225786  signal: null
13 info lifecycle mymint@1.0.0~dev: Failed to exec dev script
14 verbose stack Error: mymint@1.0.0 dev: `node build/dev-server.js`
14 verbose stack Exit status 3221225786
14 verbose stack     at EventEmitter.<anonymous> (D:\Program Files\nodejs\node_modules\npm\lib\utils\lifecycle.js:255:16)
14 verbose stack     at emitTwo (events.js:106:13)
14 verbose stack     at EventEmitter.emit (events.js:191:7)
14 verbose stack     at ChildProcess.<anonymous> (D:\Program Files\nodejs\node_modules\npm\lib\utils\spawn.js:40:14)
14 verbose stack     at emitTwo (events.js:106:13)
14 verbose stack     at ChildProcess.emit (events.js:191:7)
14 verbose stack     at maybeClose (internal/child_process.js:891:16)
14 verbose stack     at Process.ChildProcess._handle.onexit (internal/child_process.js:226:5)
15 verbose pkgid mymint@1.0.0
16 verbose cwd F:\vue移动端\New最新New\8.19\Vue-myMint\src
17 error Windows_NT 6.1.7601
18 error argv "D:\\Program Files\\nodejs\\node.exe" "D:\\Program Files\\nodejs\\node_modules\\npm\\bin\\npm-cli.js" "run" "dev"
19 error node v6.11.1
20 error npm  v3.10.10
21 error code ELIFECYCLE
22 error mymint@1.0.0 dev: `node build/dev-server.js`
22 error Exit status 3221225786
23 error Failed at the mymint@1.0.0 dev script 'node build/dev-server.js'.
23 error Make sure you have the latest version of node.js and npm installed.
23 error If you do, this is most likely a problem with the mymint package,
23 error not with npm itself.
23 error Tell the author that this fails on your system:
23 error     node build/dev-server.js
23 error You can get information on how to open an issue for this project with:
23 error     npm bugs mymint
23 error Or if that isn't available, you can get their info via:
23 error     npm owner ls mymint
23 error There is likely additional logging output above.
24 verbose exit [ 1, true ]
